
======================================================================
[2026-02-02 08:58:57]
Command: ls -la /home
Return Code: -1
Success: False

--- STDERR (ERRORS) ---
Error: [Errno 13] Permission denied: 'wsl'

======================================================================
[2026-02-02 08:58:57]
Command: cat /nonexistent/file.txt
Return Code: -1
Success: False

--- STDERR (ERRORS) ---
Error: [Errno 13] Permission denied: 'wsl'

======================================================================
[2026-02-02 08:58:57]
Command: your_command_here
Return Code: -1
Success: False

--- STDERR (ERRORS) ---
Error: [Errno 13] Permission denied: 'wsl'

======================================================================
[2026-02-02 08:59:34]
Command: ls -la /home
Return Code: 0
Success: True

--- STDOUT ---
total 12
drwxr-xr-x  3 root  root  4096 Jan 21 15:19 .
drwxr-xr-x 23 root  root  4096 Feb  2 08:59 ..
drwxr-x--- 17 visat visat 4096 Jan 30 21:38 visat


======================================================================
[2026-02-02 08:59:34]
Command: cat /nonexistent/file.txt
Return Code: 1
Success: False

--- STDERR (ERRORS) ---
cat: /nonexistent/file.txt: No such file or directory


======================================================================
[2026-02-02 08:59:34]
Command: your_command_here
Return Code: 127
Success: False

--- STDERR (ERRORS) ---
/bin/bash: line 1: your_command_here: command not found


======================================================================
[2026-02-02 08:59:54]
Command: your_command_here
Return Code: 127
Success: False

--- STDERR (ERRORS) ---
/bin/bash: line 1: your_command_here: command not found


======================================================================
[2026-02-02 09:00:41]
Command: ls /tmp
Return Code: 0
Success: True

--- STDOUT ---
snap-private-tmp
systemd-private-2c793357871d45619840947d28b51b54-systemd-logind.service-hnH1ew
systemd-private-2c793357871d45619840947d28b51b54-systemd-resolved.service-PpkZc9
systemd-private-2c793357871d45619840947d28b51b54-systemd-timedated.service-4SufED
systemd-private-2c793357871d45619840947d28b51b54-systemd-timesyncd.service-EKLq9a
systemd-private-2c793357871d45619840947d28b51b54-wsl-pro.service-2R3Nw6


======================================================================
[2026-02-02 09:00:41]
Command: cat /nonexistent/file.txt
Return Code: 1
Success: False

--- STDERR (ERRORS) ---
cat: /nonexistent/file.txt: No such file or directory

